TN:
SF:script/Deploy.s.sol
DA:13,0
FN:13,DeployScript.run
FNDA:0,DeployScript.run
DA:15,0
DA:18,0
DA:21,0
DA:24,0
DA:27,0
FNF:1
FNH:0
LF:6
LH:0
BRF:0
BRH:0
end_of_record
TN:
SF:src/TokenNetwork.sol
DA:214,67
FN:214,TokenNetwork.constructor
FNDA:67,TokenNetwork.constructor
DA:215,67
DA:216,67
DA:217,67
DA:225,9066
FN:225,TokenNetwork.openChannel
FNDA:9066,TokenNetwork.openChannel
DA:227,9066
BRDA:227,0,0,5
DA:228,9062
BRDA:228,1,0,5
DA:231,9057
BRDA:231,2,0,868
DA:234,8189
DA:237,8189
DA:238,8189
DA:241,8189
BRDA:241,3,0,-
DA:244,8189
DA:254,8189
DA:256,0
DA:264,9714
FN:264,TokenNetwork.setTotalDeposit
FNDA:9714,TokenNetwork.setTotalDeposit
DA:266,9714
DA:267,9714
BRDA:267,4,0,8086
DA:270,1628
BRDA:270,5,0,21
DA:271,21
DA:275,1607
DA:276,1607
BRDA:276,6,0,1
DA:277,1606
DA:280,1606
DA:281,1606
DA:282,1606
DA:283,1604
DA:286,1604
DA:287,1604
BRDA:287,7,0,1
DA:290,1603
DA:293,1603
DA:301,8457
FN:301,TokenNetwork.closeChannel
FNDA:8457,TokenNetwork.closeChannel
DA:307,8457
DA:308,8457
BRDA:308,8,0,7914
DA:311,543
BRDA:311,9,0,13
DA:312,13
DA:316,530
DA:319,530
BRDA:319,10,0,-
DA:322,530
DA:334,530
DA:337,530
DA:340,529
BRDA:340,11,0,1
DA:343,528
DA:344,528
BRDA:344,12,0,-
DA:347,528
DA:350,528
DA:351,528
DA:354,528
DA:359,528
DA:360,528
DA:363,528
DA:371,7986
FN:371,TokenNetwork.updateNonClosingBalanceProof
FNDA:7986,TokenNetwork.updateNonClosingBalanceProof
DA:377,7986
DA:378,7986
BRDA:378,13,0,7978
DA:381,1
BRDA:381,14,0,1
DA:382,7
BRDA:382,15,0,1
DA:383,1
DA:387,6
BRDA:387,16,0,1
DA:388,1
DA:392,5
DA:393,5
DA:396,5
BRDA:396,17,0,-
DA:399,5
DA:411,5
DA:414,5
DA:417,5
BRDA:417,18,0,-
DA:420,5
DA:421,5
BRDA:421,19,0,1
DA:424,4
DA:425,4
DA:428,4
DA:433,4
DA:439,8199
FN:439,TokenNetwork.settleChannel
FNDA:8199,TokenNetwork.settleChannel
DA:441,8199
DA:442,8199
BRDA:442,20,0,7935
DA:445,264
BRDA:445,21,0,1
DA:446,1
DA:450,263
DA:451,263
DA:452,263
DA:453,263
DA:455,263
DA:456,263
DA:459,263
DA:460,263
DA:463,263
DA:464,263
DA:467,263
DA:470,263
BRDA:470,22,0,263
DA:471,263
DA:474,263
BRDA:474,23,0,263
DA:475,263
DA:479,263
DA:485,8177
FN:485,TokenNetwork.forceCloseExpiredChannel
FNDA:8177,TokenNetwork.forceCloseExpiredChannel
DA:486,8177
DA:489,8177
BRDA:489,24,0,8154
DA:492,23
BRDA:492,25,0,22
DA:493,22
DA:497,1
DA:498,1
DA:501,1
DA:511,7919
FN:511,TokenNetwork.cooperativeSettle
FNDA:7919,TokenNetwork.cooperativeSettle
DA:518,7919
DA:521,7919
BRDA:521,26,0,7899
DA:524,20
BRDA:524,27,0,15
DA:525,15
DA:529,5
BRDA:529,28,0,2
DA:532,3
DA:542,3
DA:544,3
DA:554,3
DA:557,3
DA:558,3
DA:559,3
DA:560,3
DA:563,3
DA:565,3
BRDA:565,29,0,-
DA:568,3
DA:569,3
DA:570,3
DA:571,3
DA:574,3
DA:575,3
DA:577,1
BRDA:577,30,0,1
BRDA:577,30,1,2
DA:579,1
DA:580,1
DA:583,2
DA:584,2
DA:588,1
DA:590,3
DA:593,3
DA:596,3
BRDA:596,31,0,3
DA:597,3
DA:600,3
BRDA:600,32,0,3
DA:601,3
DA:605,3
DA:614,8296
FN:614,TokenNetwork.withdraw
FNDA:8296,TokenNetwork.withdraw
DA:620,8296
DA:623,8296
BRDA:623,33,0,8022
DA:626,274
BRDA:626,34,0,12
DA:627,12
DA:631,262
DA:634,262
DA:642,262
DA:651,262
DA:652,262
BRDA:652,35,0,-
DA:655,261
DA:658,261
BRDA:658,36,0,-
DA:661,261
BRDA:661,37,0,1
DA:662,1
DA:666,260
BRDA:666,38,0,1
DA:667,1
DA:671,259
DA:674,259
DA:677,259
DA:678,259
DA:681,259
DA:688,2
FN:688,TokenNetwork.emergencyWithdraw
FNDA:2,TokenNetwork.emergencyWithdraw
DA:690,2
BRDA:690,39,0,1
DA:693,1
DA:696,1
DA:699,1
DA:704,8
FN:704,TokenNetwork.pause
FNDA:8,TokenNetwork.pause
DA:705,0
DA:710,4
FN:710,TokenNetwork.unpause
FNDA:4,TokenNetwork.unpause
DA:711,0
FNF:12
FNH:12
LF:166
LH:163
BRF:41
BRH:33
end_of_record
TN:
SF:src/TokenNetworkRegistry.sol
DA:66,18
FN:66,TokenNetworkRegistry.createTokenNetwork
FNDA:18,TokenNetworkRegistry.createTokenNetwork
DA:68,18
BRDA:68,0,0,1
DA:71,17
BRDA:71,1,0,2
DA:72,2
DA:76,15
BRDA:76,2,0,1
DA:77,1
DA:81,14
DA:82,14
DA:85,14
BRDA:85,3,0,-
DA:88,14
DA:89,14
DA:92,14
DA:95,0
DA:101,7
FN:101,TokenNetworkRegistry.getTokenNetwork
FNDA:7,TokenNetworkRegistry.getTokenNetwork
DA:102,7
DA:107,4
FN:107,TokenNetworkRegistry.enableWhitelist
FNDA:4,TokenNetworkRegistry.enableWhitelist
DA:108,4
DA:109,4
DA:114,2
FN:114,TokenNetworkRegistry.disableWhitelist
FNDA:2,TokenNetworkRegistry.disableWhitelist
DA:115,2
DA:116,2
DA:122,2
FN:122,TokenNetworkRegistry.addTokenToWhitelist
FNDA:2,TokenNetworkRegistry.addTokenToWhitelist
DA:123,2
DA:124,2
DA:130,1
FN:130,TokenNetworkRegistry.removeTokenFromWhitelist
FNDA:1,TokenNetworkRegistry.removeTokenFromWhitelist
DA:131,1
DA:132,1
DA:137,2
FN:137,TokenNetworkRegistry.pause
FNDA:2,TokenNetworkRegistry.pause
DA:138,0
DA:143,1
FN:143,TokenNetworkRegistry.unpause
FNDA:1,TokenNetworkRegistry.unpause
DA:144,0
FNF:8
FNH:8
LF:31
LH:28
BRF:4
BRH:3
end_of_record
TN:
SF:test/mocks/MockERC20.sol
DA:19,71
FN:19,MockERC20.constructor
FNDA:71,MockERC20.constructor
DA:20,71
DA:21,71
DA:22,71
DA:23,71
DA:24,71
DA:27,9015
FN:27,MockERC20.transfer
FNDA:9015,MockERC20.transfer
DA:28,9015
BRDA:28,0,0,-
BRDA:28,0,1,-
DA:29,1037
DA:30,9015
DA:31,1037
DA:32,1037
DA:35,9393
FN:35,MockERC20.approve
FNDA:9393,MockERC20.approve
DA:36,9393
DA:37,9393
DA:38,9393
DA:41,9640
FN:41,MockERC20.transferFrom
FNDA:9640,MockERC20.transferFrom
DA:42,9640
BRDA:42,1,0,-
BRDA:42,1,1,-
DA:43,1696
BRDA:43,2,0,-
BRDA:43,2,1,-
DA:44,1696
DA:45,9640
DA:46,1696
DA:47,9640
DA:48,1696
FNF:4
FNH:4
LF:24
LH:24
BRF:6
BRH:0
end_of_record
TN:
SF:test/mocks/MockERC20WithFee.sol
DA:17,1
FN:17,MockERC20WithFee.constructor
FNDA:1,MockERC20WithFee.constructor
DA:20,1
DA:28,1
FN:28,MockERC20WithFee.transfer
FNDA:1,MockERC20WithFee.transfer
DA:29,1
BRDA:29,0,0,-
BRDA:29,0,1,-
DA:31,1
DA:32,1
DA:34,1
DA:35,1
DA:36,1
DA:38,1
DA:39,1
DA:48,1
FN:48,MockERC20WithFee.transferFrom
FNDA:1,MockERC20WithFee.transferFrom
DA:49,1
BRDA:49,1,0,-
BRDA:49,1,1,-
DA:50,1
BRDA:50,2,0,-
BRDA:50,2,1,-
DA:52,1
DA:53,1
DA:55,1
DA:56,1
DA:57,1
DA:58,1
DA:60,1
DA:61,1
FNF:3
FNH:3
LF:22
LH:22
BRF:6
BRH:0
end_of_record
